<?xml version="1.0" encoding="UTF-8"?>
<!-- Generated by org.testng.reporters.JUnitXMLReporter -->
<testsuite ignored="0" hostname="Kavitha-Ramasamy.local" failures="0" tests="5" name="Default test" time="38.043" errors="0" timestamp="2021-11-15T18:18:08 IST">
  <testcase classname="org.uiScriptingPackage.UiScriptingClass" name="searchAnItem" time="5.891"/>
  <testcase classname="org.uiScriptingPackage.UiScriptingClass" name="selectAnItemFromSearchResult" time="2.764"/>
  <testcase classname="org.uiScriptingPackage.UiScriptingClass" name="pricecomparision" time="22.637"/>
  <testcase classname="org.uiScriptingPackage.UiScriptingClass" name="deleteItemFromCart" time="0.15"/>
  <testcase classname="org.uiScriptingPackage.UiScriptingClass" name="closeBrowser" time="0.981"/>
</testsuite> <!-- Default test -->
