<?xml version="1.0" encoding="UTF-8"?>
<testng-results ignored="0" total="5" passed="5" failed="0" skipped="0">
  <reporter-output>
  </reporter-output>
  <suite started-at="2021-11-15T18:17:25 IST" name="Default suite" finished-at="2021-11-15T18:18:03 IST" duration-ms="38043">
    <groups>
    </groups>
    <test started-at="2021-11-15T18:17:25 IST" name="Default test" finished-at="2021-11-15T18:18:03 IST" duration-ms="38043">
      <class name="org.uiScriptingPackage.UiScriptingClass">
        <test-method is-config="true" signature="accessAmazonWebsite()[pri:0, instance:org.uiScriptingPackage.UiScriptingClass@33a2499c]" started-at="2021-11-15T18:17:25 IST" name="accessAmazonWebsite" finished-at="2021-11-15T18:17:30 IST" duration-ms="5413" status="PASS">
          <reporter-output>
          </reporter-output>
        </test-method> <!-- accessAmazonWebsite -->
        <test-method signature="searchAnItem()[pri:0, instance:org.uiScriptingPackage.UiScriptingClass@33a2499c]" started-at="2021-11-15T18:17:30 IST" name="searchAnItem" finished-at="2021-11-15T18:17:36 IST" duration-ms="5891" status="PASS">
          <reporter-output>
          </reporter-output>
        </test-method> <!-- searchAnItem -->
        <test-method signature="selectAnItemFromSearchResult()[pri:1, instance:org.uiScriptingPackage.UiScriptingClass@33a2499c]" started-at="2021-11-15T18:17:36 IST" name="selectAnItemFromSearchResult" finished-at="2021-11-15T18:17:39 IST" duration-ms="2764" status="PASS">
          <reporter-output>
          </reporter-output>
        </test-method> <!-- selectAnItemFromSearchResult -->
        <test-method signature="pricecomparision()[pri:5, instance:org.uiScriptingPackage.UiScriptingClass@33a2499c]" started-at="2021-11-15T18:17:39 IST" name="pricecomparision" finished-at="2021-11-15T18:18:02 IST" duration-ms="22637" status="PASS">
          <reporter-output>
          </reporter-output>
        </test-method> <!-- pricecomparision -->
        <test-method signature="deleteItemFromCart()[pri:6, instance:org.uiScriptingPackage.UiScriptingClass@33a2499c]" started-at="2021-11-15T18:18:02 IST" name="deleteItemFromCart" finished-at="2021-11-15T18:18:02 IST" duration-ms="150" status="PASS">
          <reporter-output>
          </reporter-output>
        </test-method> <!-- deleteItemFromCart -->
        <test-method signature="closeBrowser()[pri:7, instance:org.uiScriptingPackage.UiScriptingClass@33a2499c]" started-at="2021-11-15T18:18:02 IST" name="closeBrowser" finished-at="2021-11-15T18:18:03 IST" duration-ms="981" status="PASS">
          <reporter-output>
          </reporter-output>
        </test-method> <!-- closeBrowser -->
      </class> <!-- org.uiScriptingPackage.UiScriptingClass -->
    </test> <!-- Default test -->
  </suite> <!-- Default suite -->
</testng-results>
